<?xml version="1.0" encoding="UTF-8"?>
<!-- Generated by org.testng.reporters.JUnitReportReporter -->
<testsuite hostname="DESKTOP-648C6TK" failures="0" tests="2" name="JaintTravels.testCases.LoginPageTest" time="28.333" errors="0" timestamp="2024-04-15T16:40:01 IST" skipped="0">
  <testcase classname="JaintTravels.testCases.LoginPageTest" name="login" time="25.709"/>
  <testcase classname="JaintTravels.testCases.LoginPageTest" name="Walkin_Type_Booking" time="2.624"/>
</testsuite> <!-- JaintTravels.testCases.LoginPageTest -->
