<?xml version="1.0" encoding="UTF-8"?>
<!-- Generated by org.testng.reporters.JUnitReportReporter -->
<testsuite hostname="DESKTOP-648C6TK" failures="0" tests="2" name="JaintTravels.testCases.LoginPageTest" time="29.320" errors="0" timestamp="2024-04-17T11:26:07 IST" skipped="0">
  <testcase classname="JaintTravels.testCases.LoginPageTest" name="Walkin_Type_Booking" time="3.867"/>
  <testcase classname="JaintTravels.testCases.LoginPageTest" name="login" time="25.453"/>
</testsuite> <!-- JaintTravels.testCases.LoginPageTest -->
