<?xml version="1.0" encoding="UTF-8"?>
<!-- Generated by org.testng.reporters.JUnitReportReporter -->
<testsuite hostname="DESKTOP-648C6TK" failures="0" tests="8" name="JaintTravels.testCases.LoginPageTest" time="120.512" errors="0" timestamp="2024-04-18T12:31:00 IST" skipped="0">
  <testcase classname="JaintTravels.testCases.LoginPageTest" name="Online_Type_Booking" time="2.604"/>
  <testcase classname="JaintTravels.testCases.LoginPageTest" name="login" time="29.273"/>
  <testcase classname="JaintTravels.testCases.LoginPageTest" name="login" time="26.260"/>
  <testcase classname="JaintTravels.testCases.LoginPageTest" name="Branch_Type_Booking" time="3.264"/>
  <testcase classname="JaintTravels.testCases.LoginPageTest" name="login" time="26.212"/>
  <testcase classname="JaintTravels.testCases.LoginPageTest" name="Walkin_Type_Booking" time="2.391"/>
  <testcase classname="JaintTravels.testCases.LoginPageTest" name="Offline_Type_Booking" time="3.614"/>
  <testcase classname="JaintTravels.testCases.LoginPageTest" name="login" time="26.894"/>
</testsuite> <!-- JaintTravels.testCases.LoginPageTest -->
